Compiled jquery.js  (0ms)  (pid 1024)
Compiled jquery_ujs.js  (15ms)  (pid 1024)
Compiled admin.js  (3703ms)  (pid 1024)
Compiled carts.js  (875ms)  (pid 1024)
Compiled line_items.js  (1078ms)  (pid 1024)
Compiled orders.js  (859ms)  (pid 1024)
Compiled products.js  (843ms)  (pid 1024)
Compiled sessions.js  (875ms)  (pid 1024)
Compiled store.js  (859ms)  (pid 1024)
Compiled users.js  (906ms)  (pid 1024)
Compiled application.js  (10953ms)  (pid 1024)
Compiled admin.css  (19015ms)  (pid 1024)
Compiled carts.css  (140ms)  (pid 1024)
Compiled line_items.css  (625ms)  (pid 1024)
Compiled orders.css  (15ms)  (pid 1024)
Compiled products.css  (234ms)  (pid 1024)
Compiled scaffolds.css  (3171ms)  (pid 1024)
Compiled sessions.css  (62ms)  (pid 1024)
Compiled store.css  (78ms)  (pid 1024)
Compiled users.css  (406ms)  (pid 1024)
Compiled application.css  (33218ms)  (pid 1024)
